2023 10 23 21 25 00 HV_ON/0.5kV/OFF
2023 10 23 23 52 00 UPLOAD_S3_SEQ/RECYCLE#10_S3 50
2023 10 24 00 49 00 HV_ON/0.5kV,HV_OFF_TL
2023 10 24 01 34 00 CHK_50mK
2023 10 24 02 31 00 HV_ON/0.5kV
2023 10 24 02 55 00 HV_OFF_TL
2023 10 24 03 15 00 (HV_OFF)
2023 10 24 08 50 00 FREQ_CHANGE
2023 10 24 09 00 00 CCFS-234#1_TL 260
2023 10 24 14 40 00 Nspec_TL 8
2023 10 24 21 25 00 HV_ON/0.5kV
2023 10 25 07 00 00 RECYCLE#11_TL 50
2023 10 25 09 00 00 CCFS234-#2_TL 260
2023 10 25 14 40 00 Nspec_TL 8
2023 10 25 21 25 00 0.5->4.1->0.5kV
2023 10 25 22 04 00 SAAIN(0.5kV)
2023 10 25 22 35 00 SAAOUT(0.5kV)
2023 10 25 23 08 00 0.5->4.1kV
2023 10 25 23 47 00 SAAIN(->0.5kV)
2023 10 26 00 13 00 SAAOUT(0.5kV)
2023 10 26 00 50 00 0.5->7.7kV
2023 10 26 01 29 00 SAAIN(->0.5kV)
2023 10 26 01 52 00 SAAOUT(0.5kV)
2023 10 26 02 31 00 0.5->7.7kV
2023 10 26 03 11 00 SAAIN(->0.5kV)
2023 10 26 03 32 00 SAAOUT(0.5kV)
2023 10 26 07 00 00 RECYCLE#12_TL 50
2023 10 26 09 00 00 CCFS-234#3_TL 260
2023 10 26 14 40 00 Nspec_TL 8
2023 10 26 21 25 00 (AOCS_maint)
2023 10 26 23 05 00 (AOCS_maint)
2023 10 27 00 50 00 0.5->11.3->0.5kV
2023 10 27 02 32 00 0.5->11.3kV
2023 10 27 03 12 00 SAAIN(->0.5kV)
2023 10 27 05 30 00 RECYCLE#13_TL 50
2023 10 27 07 30 00 CCFS-234#4_TL 260
2023 10 27 13 08 00 Nspec_TL 8
2023 10 27 19 45 00 0.5->11.3kV
2023 10 27 20 24 00 SAAIN(->0.5kV)
2023 10 27 20 56 00 SAAOUT(->11.3kV)
2023 10 27 22 06 00 SAAIN(->0.5kV)
2023 10 27 22 34 00 SAAOUT(0.5kV)
2023 10 27 23 09 00 0.5->11.3kV/LED1_ON
2023 10 27 23 49 00 SAAIN(->0.5kV/LED1_OFF)
2023 10 28 00 13 00 SAAOUT(->11.3kV/LED1_ON)
2023 10 28 01 30 00 SAAIN(->0.5kV/LED1_OFF)
2023 10 28 01 52 00 SAAOUT(->11.3kV/LED1_ON)
2023 10 28 02 32 00 11.3->0.5kV/LED1_OFF
2023 10 28 05 30 00 RECYCLE#14_TL 50
2023 10 28 07 30 00 CCFS-234#5_TL 260
2023 10 28 13 00 00 Nspec_TL 8
2023 10 28 18 05 00 0.5->11.3kV
2023 10 28 18 44 00 SAAIN(->0.5kV)
2023 10 28 19 15 00 SAAOUT(->11.3kV)
2023 10 28 19 45 00 LED2_ON->OFF
2023 10 28 20 23 00 SAAIN(->0.5kV)
2023 10 28 20 56 00 SAAOUT(->11.3kV)
2023 10 28 22 07 00 SAAIN(->0.5kV)
2023 10 28 22 33 00 SAAOUT(->11.3kV)
2023 10 28 23 49 00 SAAIN(->0.5kV)
2023 10 29 00 13 00 SAAOUT(->11.3kV)
2023 10 29 00 51 00 11.3->0.5kV
2023 10 29 05 30 00 RECYCLE#15_TL 50
2023 10 29 07 30 00 CCFS-234#6_TL 262
2023 10 29 13 00 00 Nspec_TL 8
2023 10 29 18 05 00 HV1_OFF/FWE_NOM->RED
2023 10 29 20 32 00 FW_Small_ROT
2023 10 29 21 28 00 HV2_ON->0.5kV->OFF
2023 10 29 23 10 00 FWE_RED->NOM/0.5kV
2023 10 30 13 00 00 Nspec_TL 8
2023 10 30 17 50 00 FW_OPN2->Fe
2023 10 30 18 05 00 (Next_week)
2023 10 30 13 00 00 Nspec_TL 8
2023 10 30 17 50 00 FW_OPN2->Fe
2023 10 30 18 06 00 11.3kV/LED1_ON(CONT,GVC)
2023 10 30 20 35 00 DMSF_CA
2023 10 30 23 20 00 Recycle#16_TL 50
2023 10 31 12 55 00 OPN2
2023 10 31 13 00 00 Nspec_TL 8
2023 10 31 13 10 00 Fe
2023 10 31 16 24 00 START_DMSF_CTL
2023 10 31 18 52 00 RESET_PSP
2023 10 31 19 49 00 PSP_TH_120(XREAL)
2023 10 31 20 55 00 OPN2
2023 10 31 21 00 00 Nspec_TL 8
2023 10 31 21 10 00 Fe
2023 10 31 22 35 00 OPN2
2023 10 31 22 40 00 Nspec_TL 8
2023 10 31 22 50 00 Fe
2023 11 01 13 40 00 PSPDMP
2023 11 01 13 50 00 (INTM/Fe)
2023 11 01 14 00 00 PSPDMP
2023 11 01 14 16 00 11.3kV/LED1_ON(GVC)
2023 11 01 14 46 00 0.5kV/LED1_OFF
2023 11 01 16 25 00 (Xtend2-Day1)
2023 11 01 16 34 00 11.3kV/L1ON
2023 11 01 16 42 00 0.5kV/L1OFF
2023 11 01 17 50 00 1.3/L1ON
2023 11 01 18 05 00 (AOCS_MAINT)
2023 11 01 18 20 00 Recycle#17_S3NS_TL,0.5/L1OFF 50
2023 11 01 19 19 00 11.3/L1ON
2023 11 01 19 48 00 (AOCS)
2023 11 01 19 54 00 0.5/L1OFF
2023 11 01 22 58 00 11.3/L1ON
2023 11 01 23 06 00 0.5/L1OFF
2023 11 02 00 28 00 OPN2
2023 11 02 00 33 00 Nspec_TL 8
2023 11 02 00 43 00 Fe
2023 11 02 01 00 00 11.3/L1ON
2023 11 02 01 30 00 0.5/L1OFF
2023 11 02 02 10 00 11.3/L1ON
2023 11 02 02 18 00 0.5/L1OFF
2023 11 02 05 22 00 11.3/L1ON
2023 11 02 05 30 00 0.5/L1OFF
2023 11 02 08 34 00 11.3/L1ON
2023 11 02 08 42 00 0.5/L1OFF
2023 11 02 11 46 00 11.3/L1ON
2023 11 02 11 54 00 0.5/L1OFF
2023 11 02 14 58 00 11.3/L1ON
2023 11 02 15 06 00 0.5/L1OFF
2023 11 02 16 10 00 11.3/L1ON
2023 11 02 16 25 00 (Xtend2-Day2)
2023 11 02 16 40 00 0.5/L1OFF
2023 11 02 18 10 00 11.3/L1ON
2023 11 02 18 18 00 0.5/L1OFF
2023 11 02 21 22 00 11.3/L1ON
2023 11 02 21 30 00 0.5/L1OFF
2023 11 03 00 34 00 11.3/L1ON
2023 11 03 00 42 00 0.5/L1OFF
2023 11 03 02 05 00 OPN2
2023 11 03 02 10 00 Nspec_TL 8
2023 11 03 02 20 00 Fe
2023 11 03 03 46 00 11.3/L1ON
2023 11 03 03 54 00 0.5/L1OFF
2023 11 03 06 58 00 11.3/L1ON
2023 11 03 07 06 00 0.5/L1OFF
2023 11 03 10 10 00 11.3/L1ON
2023 11 03 10 18 00 0.5/L1OFF
2023 11 03 12 40 00 11.3/L1ON
2023 11 03 13 10 00 0.5/L1OFF,Recycle#18_TL 50
2023 11 03 14 16 00 11.3/L1ON
2023 11 03 14 45 00 CC_FREQ
2023 11 03 15 20 00 PDMP
2023 11 03 15 23 00 0.5/L1OFF
2023 11 03 15 30 00 (CONT/Fe)
2023 11 03 15 40 00 PDMP
2023 11 03 17 55 00 OPN2
2023 11 03 18 04 00 Nspec(XREAL) 8
2023 11 03 18 20 00 Fe
2023 11 03 19 15 00 OPN2
2023 11 03 19 20 00 Nspec_TL 8
2023 11 03 19 30 00 Fe
2023 11 03 20 20 00 PSPDMP
2023 11 03 20 30 00 OPN2,(OFF/OPN2)
2023 11 03 20 40 01 PSPDMP
2023 11 03 23 40 00 PSPDMP
2023 11 03 23 50 00 (OFF/OPN2)
2023 11 04 00 00 00 PSPDMP
2023 11 04 13 50 00 PDMP
2023 11 04 14 00 00 (OFF/OPN2)
2023 11 04 14 10 00 PDMP
2023 11 04 14 15 00 CHK_DMSF_T,CLS_DMSF_VLV
2023 11 04 16 24 00 XREAL,GVO,2ST_LOW
2023 11 04 16 38 30 Nspec_TL 8
2023 11 04 17 10 00 LHP&SC50W
2023 11 04 18 09 00 PC50W
2023 11 04 18 14 30 Nspec_TL 8
2023 11 04 18 52 00 JT_LOW
2023 11 04 19 47 00 JT#1
2023 11 04 19 50 30 Nspec_TL 8
2023 11 04 20 34 00 JT#2
2023 11 04 21 29 30 PSPDMP
2023 11 04 21 35 00 JT#3
2023 11 04 21 40 00 (OFF/OPN2)
2023 11 04 21 50 00 PSPDMP
2023 11 04 22 16 00 ENA_AT
2023 11 05 07 30 00 11.3/L1ON
2023 11 05 08 00 00 Recycle#19_TL,0.5/L1OFF 50
2023 11 05 08 50 00 11.3/L1ON
2023 11 05 09 20 00 0.5/L1OFF
2023 11 05 13 23 00 Nspec_TL 8
2023 11 05 14 45 00 (ENA_AT)
2023 11 05 14 59 00 Nspec_TL 8
2023 11 05 16 24 00 WFRB(XREAL) 3
2023 11 05 18 13 00 WFRB_TL 3
2023 11 06 02 10 00 Nspec_TL 8
2023 11 06 12 40 00 11.3/L1ON
2023 11 06 13 00 00 PSPDMP
2023 11 06 13 10 00 0.5/L1OFF,(CONT/OPN2)
2023 11 06 13 20 00 PSPDMP
2023 11 06 14 45 00 (RESOLVE_CO5-1_LED_TEST)